#
# A fatal error has been detected by the Java Runtime Environment:
#
#  SIGSEGV (0xb) at pc=0x00007f6e9ca429fa, pid=5065, tid=0x00007f6e632c5700
#
# JRE version: OpenJDK Runtime Environment (8.0_171-b11) (build 1.8.0_171-8u171-b11-0ubuntu0.16.04.1-b11)
# Java VM: OpenJDK 64-Bit Server VM (25.171-b11 mixed mode linux-amd64 compressed oops)
# Problematic frame:
# v  ~BufferBlob::jni_fast_GetLongField
#
# Failed to write core dump. Core dumps have been disabled. To enable core dumping, try "ulimit -c unlimited" before starting Java again
#
# If you would like to submit a bug report, please visit:
#   http://bugreport.java.com/bugreport/crash.jsp
# The crash happened outside the Java Virtual Machine in native code.
# See problematic frame for where to report the bug.
#

---------------  T H R E A D  ---------------

Current thread (0x00007f6eac280000):  JavaThread "AWT-XAWT" daemon [_thread_in_native, id=5085, stack(0x00007f6e631c5000,0x00007f6e632c6000)]

siginfo: si_signo: 11 (SIGSEGV), si_code: 1 (SEGV_MAPERR), si_addr: 0x0000000000000000

Registers:
RAX=0x00007f6eb2348040, RBX=0x00007f6eac2801e0, RCX=0x0000000000000000, RDX=0x0000000000000042
RSP=0x00007f6e632c4838, RBP=0x00007f6e632c4860, RSI=0x0000000000000000, RDI=0x00007f6eac2801e0
R8 =0x00000000d83b5cb0, R9 =0x0000000000000000, R10=0x0000000000000018, R11=0x00007f6e9cc84e98
R12=0x00007f6e48010ed0, R13=0x0000000000000000, R14=0x00007f6e8939ab00, R15=0x00007f6eac280000
RIP=0x00007f6e9ca429fa, EFLAGS=0x0000000000010246, CSGSFS=0x002b000000000033, ERR=0x0000000000000004
  TRAPNO=0x000000000000000e

Top of Stack: (sp=0x00007f6e632c4838)
0x00007f6e632c4838:   00007f6e89178094 00007f6e8b904840
0x00007f6e632c4848:   00007f6e48010ed0 00007f6e632c4910
0x00007f6e632c4858:   00007f6e632c48e0 0000000000000000
0x00007f6e632c4868:   00007f6e88c413c0 00007f6e8b904840
0x00007f6e632c4878:   00007f6e632c48a0 0000000000000000
0x00007f6e632c4888:   00007f6e88c38f93 00007f6e632c4910
0x00007f6e632c4898:   00007f6e8916fe0f 00007f6e632c48f0
0x00007f6e632c48a8:   00007f6e9cc84f36 0000000000000000
0x00007f6e632c48b8:   00007f6e9cc6c276 00007f6e632c4910
0x00007f6e632c48c8:   00007f6e9cafe0ec 00007f6e632c4970
0x00007f6e632c48d8:   00000000d83b9b50 00000000d836c458
0x00007f6e632c48e8:   0000000000000001 00007f6e632c4970
0x00007f6e632c48f8:   00007f6e9c9e07d0 00007f6e632c4970
0x00007f6e632c4908:   00007f6e9c9e07d0 0000000000000000
0x00007f6e632c4918:   00007f6e9c9e0b10 00007f6e50000e30
0x00007f6e632c4928:   00000000d84335a0 00007f6e632c4930
0x00007f6e632c4938:   00007f6e8b9f64a4 00007f6e632c49b8
0x00007f6e632c4948:   00007f6e8b9ffc98 0000000000000000
0x00007f6e632c4958:   00007f6e8b9f65e0 00007f6e632c4910
0x00007f6e632c4968:   00007f6e632c49b0 00007f6e632c4a00
0x00007f6e632c4978:   00007f6e9c9e0ffd 0000000000000000
0x00007f6e632c4988:   00000000d86b8d00 0000000000000000
0x00007f6e632c4998:   0000000000000000 0000000000000000
0x00007f6e632c49a8:   00000000d84335a0 0000000000000000
0x00007f6e632c49b8:   00000000d83bbba0 00007f6e632c49c0
0x00007f6e632c49c8:   00007f6e8b9f62e5 00007f6e632c4a10
0x00007f6e632c49d8:   00007f6e8b9ffc98 0000000000000000
0x00007f6e632c49e8:   00007f6e8b9f62f0 00007f6e632c49b0
0x00007f6e632c49f8:   00007f6e632c4a10 00007f6e632c4a58
0x00007f6e632c4a08:   00007f6e9c9e1042 00000000d83bbba0
0x00007f6e632c4a18:   00007f6e632c4a18 00007f6e8b46e53b
0x00007f6e632c4a28:   00007f6e632c4a68 00007f6e8b4f5f88 

Instructions: (pc=0x00007f6e9ca429fa)
0x00007f6e9ca429da:   00 00 00 00 00 00 44 8b 15 4d 22 93 15 4c 8b ce
0x00007f6e9ca429ea:   41 f6 c2 01 0f 85 2e 00 00 00 4d 33 ca 4d 33 ca
0x00007f6e9ca429fa:   4d 8b 09 4c 8b da 49 c1 eb 02 4b 8b 04 19 49 bb
0x00007f6e9ca42a0a:   34 4c 37 b2 6e 7f 00 00 4c 33 d8 4c 33 d8 45 3b 

Register to memory mapping:

RAX=0x00007f6eb2348040: <offset 0xefc040> in /usr/lib/jvm/java-8-openjdk-amd64/jre/lib/amd64/server/libjvm.so at 0x00007f6eb144c000
RBX=0x00007f6eac2801e0 is an unknown value
RCX=0x0000000000000000 is an unknown value
RDX=0x0000000000000042 is an unknown value
RSP=0x00007f6e632c4838 is pointing into the stack for thread: 0x00007f6eac280000
RBP=0x00007f6e632c4860 is pointing into the stack for thread: 0x00007f6eac280000
RSI=0x0000000000000000 is an unknown value
RDI=0x00007f6eac2801e0 is an unknown value
R8 =0x00000000d83b5cb0 is an oop
java.util.logging.Logger 
 - klass: 'java/util/logging/Logger'
R9 =0x0000000000000000 is an unknown value
R10=0x0000000000000018 is an unknown value
R11=0x00007f6e9cc84e98 is at entry_point+24 in (nmethod*)0x00007f6e9cc84d10
R12=0x00007f6e48010ed0 is an unknown value
R13=0x0000000000000000 is an unknown value
R14=0x00007f6e8939ab00: <offset 0x258b00> in /usr/lib/jvm/java-8-openjdk-amd64/jre/lib/amd64/libawt_xawt.so at 0x00007f6e89142000
R15=0x00007f6eac280000 is a thread


Stack: [0x00007f6e631c5000,0x00007f6e632c6000],  sp=0x00007f6e632c4838,  free space=1022k
Native frames: (J=compiled Java code, j=interpreted, Vv=VM code, C=native code)
v  ~BufferBlob::jni_fast_GetLongField
C  [libX11.so.6+0x643c0]  _XimServerDestroy+0x70

Java frames: (J=compiled Java code, j=interpreted, Vv=VM code)
J 806  sun.awt.X11.XlibWrapper.XFilterEvent(JJ)Z (0 bytes) @ 0x00007f6e9cc84ec4 [0x00007f6e9cc84e80+0x44]
j  sun.awt.X11.XToolkit.run(Z)V+300
j  sun.awt.X11.XToolkit.run()V+5
j  java.lang.Thread.run()V+11
v  ~StubRoutines::call_stub

---------------  P R O C E S S  ---------------

Java Threads: ( => current thread )
  0x00007f6e4c01b800 JavaThread "XToolkt-Shutdown-Thread" [_thread_blocked, id=12060, stack(0x00007f6e62192000,0x00007f6e62293000)]
  0x00007f6e78005800 JavaThread "SIGHUP handler" daemon [_thread_blocked, id=12014, stack(0x00007f6e62293000,0x00007f6e62394000)]
  0x00007f6e78003800 JavaThread "SIGHUP handler" daemon [_thread_blocked, id=12007, stack(0x00007f6e62394000,0x00007f6e62495000)]
  0x00007f6e78002000 JavaThread "SIGTERM handler" daemon [_thread_blocked, id=11986, stack(0x00007f6e62495000,0x00007f6e62596000)]
  0x00007f6e78001000 JavaThread "SIGTERM handler" daemon [_thread_blocked, id=11980, stack(0x00007f6e62cc2000,0x00007f6e62dc3000)]
  0x00007f6eac00a800 JavaThread "DestroyJavaVM" [_thread_blocked, id=5067, stack(0x00007f6eb30ab000,0x00007f6eb31ac000)]
  0x00007f6eac34c000 JavaThread "TimerQueue" daemon [_thread_blocked, id=5090, stack(0x00007f6e62596000,0x00007f6e62697000)]
  0x00007f6eac2cf000 JavaThread "AWT-EventQueue-0" [_thread_blocked, id=5087, stack(0x00007f6e62fc3000,0x00007f6e630c4000)]
  0x00007f6eac2cd800 JavaThread "AWT-Shutdown" [_thread_blocked, id=5086, stack(0x00007f6e630c4000,0x00007f6e631c5000)]
=>0x00007f6eac280000 JavaThread "AWT-XAWT" daemon [_thread_in_native, id=5085, stack(0x00007f6e631c5000,0x00007f6e632c6000)]
  0x00007f6eac25f000 JavaThread "Java2D Disposer" daemon [_thread_blocked, id=5084, stack(0x00007f6e88096000,0x00007f6e88197000)]
  0x00007f6eac0c1000 JavaThread "Service Thread" daemon [_thread_blocked, id=5082, stack(0x00007f6e8981e000,0x00007f6e8991f000)]
  0x00007f6eac0be000 JavaThread "C1 CompilerThread2" daemon [_thread_blocked, id=5081, stack(0x00007f6e8991f000,0x00007f6e89a20000)]
  0x00007f6eac0bc000 JavaThread "C2 CompilerThread1" daemon [_thread_blocked, id=5080, stack(0x00007f6e89a20000,0x00007f6e89b21000)]
  0x00007f6eac0b9000 JavaThread "C2 CompilerThread0" daemon [_thread_blocked, id=5079, stack(0x00007f6e89b21000,0x00007f6e89c22000)]
  0x00007f6eac0b7800 JavaThread "Signal Dispatcher" daemon [_thread_blocked, id=5078, stack(0x00007f6e89c22000,0x00007f6e89d23000)]
  0x00007f6eac084000 JavaThread "Finalizer" daemon [_thread_blocked, id=5077, stack(0x00007f6e89ffc000,0x00007f6e8a0fd000)]
  0x00007f6eac07f800 JavaThread "Reference Handler" daemon [_thread_blocked, id=5076, stack(0x00007f6e8a0fd000,0x00007f6e8a1fe000)]

Other Threads:
  0x00007f6eac078000 VMThread [stack: 0x00007f6e8a1fe000,0x00007f6e8a2ff000] [id=5075]
  0x00007f6eac0c3800 WatcherThread [stack: 0x00007f6e8971d000,0x00007f6e8981e000] [id=5083]

VM state:not at safepoint (normal execution)

VM Mutex/Monitor currently owned by a thread: None

Heap:
 PSYoungGen      total 35840K, used 12289K [0x00000000d8000000, 0x00000000da800000, 0x0000000100000000)
  eden space 30720K, 40% used [0x00000000d8000000,0x00000000d8c00620,0x00000000d9e00000)
  from space 5120K, 0% used [0x00000000da300000,0x00000000da300000,0x00000000da800000)
  to   space 5120K, 0% used [0x00000000d9e00000,0x00000000d9e00000,0x00000000da300000)
 ParOldGen       total 81920K, used 0K [0x0000000088000000, 0x000000008d000000, 0x00000000d8000000)
  object space 81920K, 0% used [0x0000000088000000,0x0000000088000000,0x000000008d000000)
 Metaspace       used 12904K, capacity 13056K, committed 13184K, reserved 1060864K
  class space    used 1501K, capacity 1585K, committed 1664K, reserved 1048576K

Card table byte_map: [0x00007f6e9c258000,0x00007f6e9c619000] byte_map_base: 0x00007f6e9be18000

Marking Bits: (ParMarkBitMap*) 0x00007f6eb2374320
 Begin Bits: [0x00007f6e980d5000, 0x00007f6e99ed5000)
 End Bits:   [0x00007f6e99ed5000, 0x00007f6e9bcd5000)

Polling page: 0x00007f6eb31c8000

CodeCache: size=245760Kb used=2934Kb max_used=2934Kb free=242825Kb
 bounds [0x00007f6e9c9d9000, 0x00007f6e9ccb9000, 0x00007f6eab9d9000]
 total_blobs=1391 nmethods=833 adapters=473
 compilation: enabled

Compilation events (10 events):
Event: 3140,187 Thread 0x00007f6eac0b9000  823       4       java.lang.Long::compareTo (9 bytes)
Event: 3140,188 Thread 0x00007f6eac0b9000 nmethod 823 0x00007f6e9ccb0650 code [0x00007f6e9ccb07a0, 0x00007f6e9ccb0858]
Event: 4734,612 Thread 0x00007f6eac0b9000  824       4       sun.awt.X11.XEvent::get_type (18 bytes)
Event: 4734,614 Thread 0x00007f6eac0b9000 nmethod 824 0x00007f6e9ccb0010 code [0x00007f6e9ccb0180, 0x00007f6e9ccb0338]
Event: 4752,000 Thread 0x00007f6eac0b9000  825       4       java.lang.Long::valueOf (36 bytes)
Event: 4752,002 Thread 0x00007f6eac0b9000 nmethod 825 0x00007f6e9ccafc90 code [0x00007f6e9ccafde0, 0x00007f6e9ccaff18]
Event: 4949,132 Thread 0x00007f6eac0be000  826       1       sun.awt.X11.XEvent::getPData (5 bytes)
Event: 4949,132 Thread 0x00007f6eac0be000 nmethod 826 0x00007f6e9ccaf910 code [0x00007f6e9ccafa60, 0x00007f6e9ccafb70]
Event: 9011,842 Thread 0x00007f6eac0be000  827       3       sun.awt.XSettings$Update::needBytes (65 bytes)
Event: 9011,848 Thread 0x00007f6eac0be000 nmethod 827 0x00007f6e9ccb2b90 code [0x00007f6e9ccb2de0, 0x00007f6e9ccb3a98]

GC Heap History (0 events):
No events

Deoptimization events (5 events):
Event: 0,272 Thread 0x00007f6eac00a800 Uncommon trap: reason=class_check action=maybe_recompile pc=0x00007f6e9caec720 method=java.lang.String.equals(Ljava/lang/Object;)Z @ 8
Event: 0,272 Thread 0x00007f6eac00a800 Uncommon trap: reason=class_check action=maybe_recompile pc=0x00007f6e9caec720 method=java.lang.String.equals(Ljava/lang/Object;)Z @ 8
Event: 0,272 Thread 0x00007f6eac00a800 Uncommon trap: reason=class_check action=maybe_recompile pc=0x00007f6e9caec720 method=java.lang.String.equals(Ljava/lang/Object;)Z @ 8
Event: 0,272 Thread 0x00007f6eac00a800 Uncommon trap: reason=class_check action=maybe_recompile pc=0x00007f6e9caec720 method=java.lang.String.equals(Ljava/lang/Object;)Z @ 8
Event: 0,543 Thread 0x00007f6eac00a800 Uncommon trap: reason=unstable_if action=reinterpret pc=0x00007f6e9cc0c434 method=java.lang.String.replace(CC)Ljava/lang/String; @ 26

Classes redefined (0 events):
No events

Internal exceptions (10 events):
Event: 0,074 Thread 0x00007f6eac00a800 Exception <a 'java/security/PrivilegedActionException'> (0x00000000d81ba100) thrown at [/build/openjdk-8-wnL82d/openjdk-8-8u171-b11/src/hotspot/src/share/vm/prims/jvm.cpp, line 1435]
Event: 0,074 Thread 0x00007f6eac00a800 Exception <a 'java/security/PrivilegedActionException'> (0x00000000d81bc188) thrown at [/build/openjdk-8-wnL82d/openjdk-8-8u171-b11/src/hotspot/src/share/vm/prims/jvm.cpp, line 1435]
Event: 0,074 Thread 0x00007f6eac00a800 Exception <a 'java/security/PrivilegedActionException'> (0x00000000d81bc398) thrown at [/build/openjdk-8-wnL82d/openjdk-8-8u171-b11/src/hotspot/src/share/vm/prims/jvm.cpp, line 1435]
Event: 0,074 Thread 0x00007f6eac00a800 Exception <a 'java/security/PrivilegedActionException'> (0x00000000d81bce70) thrown at [/build/openjdk-8-wnL82d/openjdk-8-8u171-b11/src/hotspot/src/share/vm/prims/jvm.cpp, line 1435]
Event: 0,074 Thread 0x00007f6eac00a800 Exception <a 'java/security/PrivilegedActionException'> (0x00000000d81bd080) thrown at [/build/openjdk-8-wnL82d/openjdk-8-8u171-b11/src/hotspot/src/share/vm/prims/jvm.cpp, line 1435]
Event: 0,129 Thread 0x00007f6eac00a800 Exception <a 'java/lang/NoSuchFieldError': method resolution failed> (0x00000000d82be4a8) thrown at [/build/openjdk-8-wnL82d/openjdk-8-8u171-b11/src/hotspot/src/share/vm/prims/methodHandles.cpp, line 1167]
Event: 0,131 Thread 0x00007f6eac00a800 Exception <a 'java/lang/NoSuchFieldError': method resolution failed> (0x00000000d82cbc78) thrown at [/build/openjdk-8-wnL82d/openjdk-8-8u171-b11/src/hotspot/src/share/vm/prims/methodHandles.cpp, line 1167]
Event: 0,153 Thread 0x00007f6eac00a800 Exception <a 'java/io/FileNotFoundException'> (0x00000000d834c8c0) thrown at [/build/openjdk-8-wnL82d/openjdk-8-8u171-b11/src/hotspot/src/share/vm/prims/jni.cpp, line 709]
Event: 0,153 Thread 0x00007f6eac00a800 Exception <a 'java/io/FileNotFoundException'> (0x00000000d834d2d0) thrown at [/build/openjdk-8-wnL82d/openjdk-8-8u171-b11/src/hotspot/src/share/vm/prims/jni.cpp, line 709]
Event: 0,167 Thread 0x00007f6eac00a800 Exception <a 'java/lang/ClassNotFoundException': sun/dc/DuctusRenderingEngine> (0x00000000d8372020) thrown at [/build/openjdk-8-wnL82d/openjdk-8-8u171-b11/src/hotspot/src/share/vm/classfile/systemDictionary.cpp, line 210]

Events (10 events):
Event: 2283,695 loading class sun/awt/X11/XkbEvent done
Event: 2283,695 loading class sun/awt/X11/XkbAnyEvent
Event: 2283,706 loading class sun/awt/X11/XkbAnyEvent done
Event: 9011,842 loading class sun/awt/X11/XAWTXSettings$1
Event: 9011,842 loading class sun/awt/X11/XAWTXSettings$1 done
Event: 9011,953 loading class sun/misc/Signal$1
Event: 9011,990 loading class sun/misc/Signal$1 done
Event: 9011,999 Thread 0x00007f6e78001000 Thread added: 0x00007f6e78001000
Event: 9012,024 Thread 0x00007f6e78002000 Thread added: 0x00007f6e78002000
Event: 9012,026 Thread 0x00007f6e78003800 Thread added: 0x00007f6e78003800


Dynamic libraries:
00400000-00401000 r-xp 00000000 08:07 3817837                            /usr/lib/jvm/java-8-openjdk-amd64/jre/bin/java
00600000-00601000 r--p 00000000 08:07 3817837                            /usr/lib/jvm/java-8-openjdk-amd64/jre/bin/java
00601000-00602000 rw-p 00001000 08:07 3817837                            /usr/lib/jvm/java-8-openjdk-amd64/jre/bin/java
017f5000-01816000 rw-p 00000000 00:00 0                                  [heap]
88000000-8d000000 rw-p 00000000 00:00 0 
8d000000-d8000000 ---p 00000000 00:00 0 
d8000000-da800000 rw-p 00000000 00:00 0 
da800000-100000000 ---p 00000000 00:00 0 
100000000-1001a0000 rw-p 00000000 00:00 0 
1001a0000-140000000 ---p 00000000 00:00 0 
7f6e28000000-7f6e28021000 rw-p 00000000 00:00 0 
7f6e28021000-7f6e2c000000 ---p 00000000 00:00 0 
7f6e30000000-7f6e30021000 rw-p 00000000 00:00 0 
7f6e30021000-7f6e34000000 ---p 00000000 00:00 0 
7f6e34000000-7f6e34021000 rw-p 00000000 00:00 0 
7f6e34021000-7f6e38000000 ---p 00000000 00:00 0 
7f6e38000000-7f6e38021000 rw-p 00000000 00:00 0 
7f6e38021000-7f6e3c000000 ---p 00000000 00:00 0 
7f6e3c000000-7f6e3c021000 rw-p 00000000 00:00 0 
7f6e3c021000-7f6e40000000 ---p 00000000 00:00 0 
7f6e40000000-7f6e40021000 rw-p 00000000 00:00 0 
7f6e40021000-7f6e44000000 ---p 00000000 00:00 0 
7f6e44fff000-7f6e48000000 rw-p 00000000 00:00 0 
7f6e48000000-7f6e48021000 rw-p 00000000 00:00 0 
7f6e48021000-7f6e4c000000 ---p 00000000 00:00 0 
7f6e4c000000-7f6e4c021000 rw-p 00000000 00:00 0 
7f6e4c021000-7f6e50000000 ---p 00000000 00:00 0 
7f6e50000000-7f6e50021000 rw-p 00000000 00:00 0 
7f6e50021000-7f6e54000000 ---p 00000000 00:00 0 
7f6e54000000-7f6e54021000 rw-p 00000000 00:00 0 
7f6e54021000-7f6e58000000 ---p 00000000 00:00 0 
7f6e58000000-7f6e58021000 rw-p 00000000 00:00 0 
7f6e58021000-7f6e5c000000 ---p 00000000 00:00 0 
7f6e5c000000-7f6e5c021000 rw-p 00000000 00:00 0 
7f6e5c021000-7f6e60000000 ---p 00000000 00:00 0 
7f6e62091000-7f6e62094000 ---p 00000000 00:00 0 
7f6e62094000-7f6e62192000 rw-p 00000000 00:00 0 
7f6e62192000-7f6e62195000 ---p 00000000 00:00 0 
7f6e62195000-7f6e62293000 rw-p 00000000 00:00 0 
7f6e62293000-7f6e62296000 ---p 00000000 00:00 0 
7f6e62296000-7f6e62394000 rw-p 00000000 00:00 0 
7f6e62394000-7f6e62397000 ---p 00000000 00:00 0 
7f6e62397000-7f6e62495000 rw-p 00000000 00:00 0 
7f6e62495000-7f6e62498000 ---p 00000000 00:00 0 
7f6e62498000-7f6e62596000 rw-p 00000000 00:00 0 
7f6e62596000-7f6e62599000 ---p 00000000 00:00 0 
7f6e62599000-7f6e627d7000 rw-p 00000000 00:00 0 
7f6e627d7000-7f6e62897000 ---p 00000000 00:00 0 
7f6e62897000-7f6e628a8000 r-xp 00000000 08:07 3818824                    /usr/lib/jvm/java-8-openjdk-amd64/jre/lib/amd64/libnio.so
7f6e628a8000-7f6e62aa8000 ---p 00011000 08:07 3818824                    /usr/lib/jvm/java-8-openjdk-amd64/jre/lib/amd64/libnio.so
7f6e62aa8000-7f6e62aa9000 r--p 00011000 08:07 3818824                    /usr/lib/jvm/java-8-openjdk-amd64/jre/lib/amd64/libnio.so
7f6e62aa9000-7f6e62aaa000 rw-p 00012000 08:07 3818824                    /usr/lib/jvm/java-8-openjdk-amd64/jre/lib/amd64/libnio.so
7f6e62aaa000-7f6e62ac0000 r-xp 00000000 08:07 3818818                    /usr/lib/jvm/java-8-openjdk-amd64/jre/lib/amd64/libnet.so
7f6e62ac0000-7f6e62cc0000 ---p 00016000 08:07 3818818                    /usr/lib/jvm/java-8-openjdk-amd64/jre/lib/amd64/libnet.so
7f6e62cc0000-7f6e62cc1000 r--p 00016000 08:07 3818818                    /usr/lib/jvm/java-8-openjdk-amd64/jre/lib/amd64/libnet.so
7f6e62cc1000-7f6e62cc2000 rw-p 00017000 08:07 3818818                    /usr/lib/jvm/java-8-openjdk-amd64/jre/lib/amd64/libnet.so
7f6e62cc2000-7f6e62cc5000 ---p 00000000 00:00 0 
7f6e62cc5000-7f6e62fc3000 rw-p 00000000 00:00 0 
7f6e62fc3000-7f6e62fc6000 ---p 00000000 00:00 0 
7f6e62fc6000-7f6e630c4000 rw-p 00000000 00:00 0 
7f6e630c4000-7f6e630c7000 ---p 00000000 00:00 0 
7f6e630c7000-7f6e631c5000 rw-p 00000000 00:00 0 
7f6e631c5000-7f6e631c8000 ---p 00000000 00:00 0 
7f6e631c8000-7f6e632c6000 rw-p 00000000 00:00 0 
7f6e632c6000-7f6e632cb000 r-xp 00000000 08:07 3284954                    /usr/lib/x86_64-linux-gnu/libXfixes.so.3.1.0
7f6e632cb000-7f6e634ca000 ---p 00005000 08:07 3284954                    /usr/lib/x86_64-linux-gnu/libXfixes.so.3.1.0
7f6e634ca000-7f6e634cb000 r--p 00004000 08:07 3284954                    /usr/lib/x86_64-linux-gnu/libXfixes.so.3.1.0
7f6e634cb000-7f6e634cc000 rw-p 00005000 08:07 3284954                    /usr/lib/x86_64-linux-gnu/libXfixes.so.3.1.0
7f6e634cc000-7f6e634d5000 r-xp 00000000 08:07 3285669                    /usr/lib/x86_64-linux-gnu/libXcursor.so.1.0.2
7f6e634d5000-7f6e636d4000 ---p 00009000 08:07 3285669                    /usr/lib/x86_64-linux-gnu/libXcursor.so.1.0.2
7f6e636d4000-7f6e636d5000 r--p 00008000 08:07 3285669                    /usr/lib/x86_64-linux-gnu/libXcursor.so.1.0.2
7f6e636d5000-7f6e636d6000 rw-p 00009000 08:07 3285669                    /usr/lib/x86_64-linux-gnu/libXcursor.so.1.0.2
7f6e636d6000-7f6e636fa000 r-xp 00000000 08:07 9441918                    /lib/x86_64-linux-gnu/libpng12.so.0.54.0
7f6e636fa000-7f6e638f9000 ---p 00024000 08:07 9441918                    /lib/x86_64-linux-gnu/libpng12.so.0.54.0
7f6e638f9000-7f6e638fa000 r--p 00023000 08:07 9441918                    /lib/x86_64-linux-gnu/libpng12.so.0.54.0
7f6e638fa000-7f6e638fb000 rw-p 00024000 08:07 9441918                    /lib/x86_64-linux-gnu/libpng12.so.0.54.0
7f6e638fb000-7f6e6399f000 r-xp 00000000 08:07 3285377                    /usr/lib/x86_64-linux-gnu/libfreetype.so.6.12.1
7f6e6399f000-7f6e63b9e000 ---p 000a4000 08:07 3285377                    /usr/lib/x86_64-linux-gnu/libfreetype.so.6.12.1
7f6e63b9e000-7f6e63ba4000 r--p 000a3000 08:07 3285377                    /usr/lib/x86_64-linux-gnu/libfreetype.so.6.12.1
7f6e63ba4000-7f6e63ba5000 rw-p 000a9000 08:07 3285377                    /usr/lib/x86_64-linux-gnu/libfreetype.so.6.12.1
7f6e63ba5000-7f6e63bf7000 r-xp 00000000 08:07 3817858                    /usr/lib/jvm/java-8-openjdk-amd64/jre/lib/amd64/libfontmanager.so
7f6e63bf7000-7f6e63df7000 ---p 00052000 08:07 3817858                    /usr/lib/jvm/java-8-openjdk-amd64/jre/lib/amd64/libfontmanager.so
7f6e63df7000-7f6e63df9000 r--p 00052000 08:07 3817858                    /usr/lib/jvm/java-8-openjdk-amd64/jre/lib/amd64/libfontmanager.so
7f6e63df9000-7f6e63dfa000 rw-p 00054000 08:07 3817858                    /usr/lib/jvm/java-8-openjdk-amd64/jre/lib/amd64/libfontmanager.so
7f6e63dfa000-7f6e63dff000 r-xp 00000000 08:07 3284950                    /usr/lib/x86_64-linux-gnu/libXdmcp.so.6.0.0
7f6e63dff000-7f6e63ffe000 ---p 00005000 08:07 3284950                    /usr/lib/x86_64-linux-gnu/libXdmcp.so.6.0.0
7f6e63ffe000-7f6e63fff000 r--p 00004000 08:07 3284950                    /usr/lib/x86_64-linux-gnu/libXdmcp.so.6.0.0
7f6e63fff000-7f6e64000000 rw-p 00005000 08:07 3284950                    /usr/lib/x86_64-linux-gnu/libXdmcp.so.6.0.0
7f6e64000000-7f6e64523000 rw-p 00000000 00:00 0 
7f6e64523000-7f6e68000000 ---p 00000000 00:00 0 
7f6e68000000-7f6e68021000 rw-p 00000000 00:00 0 
7f6e68021000-7f6e6c000000 ---p 00000000 00:00 0 
7f6e6c000000-7f6e6c138000 rw-p 00000000 00:00 0 
7f6e6c138000-7f6e70000000 ---p 00000000 00:00 0 
7f6e70000000-7f6e700a8000 rw-p 00000000 00:00 0 
7f6e700a8000-7f6e74000000 ---p 00000000 00:00 0 
7f6e74000000-7f6e74021000 rw-p 00000000 00:00 0 
7f6e74021000-7f6e78000000 ---p 00000000 00:00 0 
7f6e78000000-7f6e78021000 rw-p 00000000 00:00 0 
7f6e78021000-7f6e7c000000 ---p 00000000 00:00 0 
7f6e7c000000-7f6e7c021000 rw-p 00000000 00:00 0 
7f6e7c021000-7f6e80000000 ---p 00000000 00:00 0 
7f6e80000000-7f6e80021000 rw-p 00000000 00:00 0 
7f6e80021000-7f6e84000000 ---p 00000000 00:00 0 
7f6e84000000-7f6e84021000 rw-p 00000000 00:00 0 
7f6e84021000-7f6e88000000 ---p 00000000 00:00 0 
7f6e88096000-7f6e88099000 ---p 00000000 00:00 0 
7f6e88099000-7f6e88197000 rw-p 00000000 00:00 0 
7f6e88197000-7f6e88199000 r-xp 00000000 08:07 3284939                    /usr/lib/x86_64-linux-gnu/libXau.so.6.0.0
7f6e88199000-7f6e88399000 ---p 00002000 08:07 3284939                    /usr/lib/x86_64-linux-gnu/libXau.so.6.0.0
7f6e88399000-7f6e8839a000 r--p 00002000 08:07 3284939                    /usr/lib/x86_64-linux-gnu/libXau.so.6.0.0
7f6e8839a000-7f6e8839b000 rw-p 00003000 08:07 3284939                    /usr/lib/x86_64-linux-gnu/libXau.so.6.0.0
7f6e8839b000-7f6e883bc000 r-xp 00000000 08:07 3286357                    /usr/lib/x86_64-linux-gnu/libxcb.so.1.1.0
7f6e883bc000-7f6e885bb000 ---p 00021000 08:07 3286357                    /usr/lib/x86_64-linux-gnu/libxcb.so.1.1.0
7f6e885bb000-7f6e885bc000 r--p 00020000 08:07 3286357                    /usr/lib/x86_64-linux-gnu/libxcb.so.1.1.0
7f6e885bc000-7f6e885bd000 rw-p 00021000 08:07 3286357                    /usr/lib/x86_64-linux-gnu/libxcb.so.1.1.0
7f6e885bd000-7f6e885cc000 r-xp 00000000 08:07 3284962                    /usr/lib/x86_64-linux-gnu/libXi.so.6.1.0
7f6e885cc000-7f6e887cb000 ---p 0000f000 08:07 3284962                    /usr/lib/x86_64-linux-gnu/libXi.so.6.1.0
7f6e887cb000-7f6e887cc000 r--p 0000e000 08:07 3284962                    /usr/lib/x86_64-linux-gnu/libXi.so.6.1.0
7f6e887cc000-7f6e887cd000 rw-p 0000f000 08:07 3284962                    /usr/lib/x86_64-linux-gnu/libXi.so.6.1.0
7f6e887cd000-7f6e887d2000 r-xp 00000000 08:07 3284980                    /usr/lib/x86_64-linux-gnu/libXtst.so.6.1.0
7f6e887d2000-7f6e889d1000 ---p 00005000 08:07 3284980                    /usr/lib/x86_64-linux-gnu/libXtst.so.6.1.0
7f6e889d1000-7f6e889d2000 r--p 00004000 08:07 3284980                    /usr/lib/x86_64-linux-gnu/libXtst.so.6.1.0
7f6e889d2000-7f6e889d3000 rw-p 00005000 08:07 3284980                    /usr/lib/x86_64-linux-gnu/libXtst.so.6.1.0
7f6e889d3000-7f6e889dc000 r-xp 00000000 08:07 3284974                    /usr/lib/x86_64-linux-gnu/libXrender.so.1.3.0
7f6e889dc000-7f6e88bdb000 ---p 00009000 08:07 3284974                    /usr/lib/x86_64-linux-gnu/libXrender.so.1.3.0
7f6e88bdb000-7f6e88bdc000 r--p 00008000 08:07 3284974                    /usr/lib/x86_64-linux-gnu/libXrender.so.1.3.0
7f6e88bdc000-7f6e88bdd000 rw-p 00009000 08:07 3284974                    /usr/lib/x86_64-linux-gnu/libXrender.so.1.3.0
7f6e88bdd000-7f6e88d12000 r-xp 00000000 08:07 3284935                    /usr/lib/x86_64-linux-gnu/libX11.so.6.3.0
7f6e88d12000-7f6e88f12000 ---p 00135000 08:07 3284935                    /usr/lib/x86_64-linux-gnu/libX11.so.6.3.0
7f6e88f12000-7f6e88f13000 r--p 00135000 08:07 3284935                    /usr/lib/x86_64-linux-gnu/libX11.so.6.3.0
7f6e88f13000-7f6e88f17000 rw-p 00136000 08:07 3284935                    /usr/lib/x86_64-linux-gnu/libX11.so.6.3.0
7f6e88f17000-7f6e88f28000 r-xp 00000000 08:07 3284952                    /usr/lib/x86_64-linux-gnu/libXext.so.6.4.0
7f6e88f28000-7f6e89127000 ---p 00011000 08:07 3284952                    /usr/lib/x86_64-linux-gnu/libXext.so.6.4.0
7f6e89127000-7f6e89128000 r--p 00010000 08:07 3284952                    /usr/lib/x86_64-linux-gnu/libXext.so.6.4.0
7f6e89128000-7f6e89129000 rw-p 00011000 08:07 3284952                    /usr/lib/x86_64-linux-gnu/libXext.so.6.4.0
7f6e8912f000-7f6e89142000 r--s 00346000 08:07 3817852                    /usr/lib/jvm/java-8-openjdk-amd64/jre/lib/resources.jar
7f6e89142000-7f6e89197000 r-xp 00000000 08:07 3817862                    /usr/lib/jvm/java-8-openjdk-amd64/jre/lib/amd64/libawt_xawt.so
7f6e89197000-7f6e89396000 ---p 00055000 08:07 3817862                    /usr/lib/jvm/java-8-openjdk-amd64/jre/lib/amd64/libawt_xawt.so
7f6e89396000-7f6e89397000 r--p 00054000 08:07 3817862                    /usr/lib/jvm/java-8-openjdk-amd64/jre/lib/amd64/libawt_xawt.so
7f6e89397000-7f6e8939a000 rw-p 00055000 08:07 3817862                    /usr/lib/jvm/java-8-openjdk-amd64/jre/lib/amd64/libawt_xawt.so
7f6e8939a000-7f6e8939b000 rw-p 00000000 00:00 0 
7f6e8939b000-7f6e8943b000 r-xp 00000000 08:07 3817861                    /usr/lib/jvm/java-8-openjdk-amd64/jre/lib/amd64/libawt.so
7f6e8943b000-7f6e8963b000 ---p 000a0000 08:07 3817861                    /usr/lib/jvm/java-8-openjdk-amd64/jre/lib/amd64/libawt.so
7f6e8963b000-7f6e8963c000 r--p 000a0000 08:07 3817861                    /usr/lib/jvm/java-8-openjdk-amd64/jre/lib/amd64/libawt.so
7f6e8963c000-7f6e89647000 rw-p 000a1000 08:07 3817861                    /usr/lib/jvm/java-8-openjdk-amd64/jre/lib/amd64/libawt.so
7f6e89647000-7f6e8966c000 rw-p 00000000 00:00 0 
7f6e8966c000-7f6e89702000 r--s 008d7000 08:07 3813272                    /usr/share/java/openjfx/jre/lib/ext/jfxrt.jar
7f6e89702000-7f6e8971d000 r--s 00394000 08:07 3817845                    /usr/lib/jvm/java-8-openjdk-amd64/jre/lib/ext/cldrdata.jar
7f6e8971d000-7f6e8971e000 ---p 00000000 00:00 0 
7f6e8971e000-7f6e8981e000 rw-p 00000000 00:00 0 
7f6e8981e000-7f6e89821000 ---p 00000000 00:00 0 
7f6e89821000-7f6e8991f000 rw-p 00000000 00:00 0 
7f6e8991f000-7f6e89922000 ---p 00000000 00:00 0 
7f6e89922000-7f6e89a20000 rw-p 00000000 00:00 0 
7f6e89a20000-7f6e89a23000 ---p 00000000 00:00 0 
7f6e89a23000-7f6e89b21000 rw-p 00000000 00:00 0 
7f6e89b21000-7f6e89b24000 ---p 00000000 00:00 0 
7f6e89b24000-7f6e89c22000 rw-p 00000000 00:00 0 
7f6e89c22000-7f6e89c25000 ---p 00000000 00:00 0 
7f6e89c25000-7f6e89d23000 rw-p 00000000 00:00 0 
7f6e89d23000-7f6e89ffc000 r--p 00000000 08:07 3278292                    /usr/lib/locale/locale-archive
7f6e89ffc000-7f6e89fff000 ---p 00000000 00:00 0 
7f6e89fff000-7f6e8a0fd000 rw-p 00000000 00:00 0 
7f6e8a0fd000-7f6e8a100000 ---p 00000000 00:00 0 
7f6e8a100000-7f6e8a1fe000 rw-p 00000000 00:00 0 
7f6e8a1fe000-7f6e8a1ff000 ---p 00000000 00:00 0 
7f6e8a1ff000-7f6e8b271000 rw-p 00000000 00:00 0 
7f6e8b271000-7f6e8b440000 r--s 03c2f000 08:07 3818840                    /usr/lib/jvm/java-8-openjdk-amd64/jre/lib/rt.jar
7f6e8b440000-7f6e8c000000 rw-p 00000000 00:00 0 
7f6e8c000000-7f6e8c021000 rw-p 00000000 00:00 0 
7f6e8c021000-7f6e90000000 ---p 00000000 00:00 0 
7f6e90000000-7f6e90021000 rw-p 00000000 00:00 0 
7f6e90021000-7f6e94000000 ---p 00000000 00:00 0 
7f6e94000000-7f6e94021000 rw-p 00000000 00:00 0 
7f6e94021000-7f6e98000000 ---p 00000000 00:00 0 
7f6e98006000-7f6e98011000 r--s 000d2000 08:07 6820154                    /home/kundlatsch/IATE/anytimeJason/jason.jar
7f6e98011000-7f6e9bcd5000 rw-p 00000000 00:00 0 
7f6e9bcd5000-7f6e9bcd6000 ---p 00000000 00:00 0 
7f6e9bcd6000-7f6e9bdd6000 rw-p 00000000 00:00 0 
7f6e9bdd6000-7f6e9bdd7000 ---p 00000000 00:00 0 
7f6e9bdd7000-7f6e9bed7000 rw-p 00000000 00:00 0 
7f6e9bed7000-7f6e9bed8000 ---p 00000000 00:00 0 
7f6e9bed8000-7f6e9c000000 rw-p 00000000 00:00 0 
7f6e9c000000-7f6e9c258000 ---p 00000000 00:00 0 
7f6e9c258000-7f6e9c280000 rw-p 00000000 00:00 0 
7f6e9c280000-7f6e9c4d8000 ---p 00000000 00:00 0 
7f6e9c4d8000-7f6e9c4ec000 rw-p 00000000 00:00 0 
7f6e9c4ec000-7f6e9c618000 ---p 00000000 00:00 0 
7f6e9c618000-7f6e9c625000 rw-p 00000000 00:00 0 
7f6e9c625000-7f6e9c9d9000 ---p 00000000 00:00 0 
7f6e9c9d9000-7f6e9ccb9000 rwxp 00000000 00:00 0 
7f6e9ccb9000-7f6eab9d9000 ---p 00000000 00:00 0 
7f6eab9d9000-7f6eab9e1000 r-xp 00000000 08:07 3817876                    /usr/lib/jvm/java-8-openjdk-amd64/jre/lib/amd64/libzip.so
7f6eab9e1000-7f6eabbe0000 ---p 00008000 08:07 3817876                    /usr/lib/jvm/java-8-openjdk-amd64/jre/lib/amd64/libzip.so
7f6eabbe0000-7f6eabbe1000 r--p 00007000 08:07 3817876                    /usr/lib/jvm/java-8-openjdk-amd64/jre/lib/amd64/libzip.so
7f6eabbe1000-7f6eabbe2000 rw-p 00008000 08:07 3817876                    /usr/lib/jvm/java-8-openjdk-amd64/jre/lib/amd64/libzip.so
7f6eabbe2000-7f6eabbed000 r-xp 00000000 08:07 9443576                    /lib/x86_64-linux-gnu/libnss_files-2.23.so
7f6eabbed000-7f6eabdec000 ---p 0000b000 08:07 9443576                    /lib/x86_64-linux-gnu/libnss_files-2.23.so
7f6eabdec000-7f6eabded000 r--p 0000a000 08:07 9443576                    /lib/x86_64-linux-gnu/libnss_files-2.23.so
7f6eabded000-7f6eabdee000 rw-p 0000b000 08:07 9443576                    /lib/x86_64-linux-gnu/libnss_files-2.23.so
7f6eabdee000-7f6eabdf4000 rw-p 00000000 00:00 0 
7f6eabdf4000-7f6eabdff000 r-xp 00000000 08:07 9443580                    /lib/x86_64-linux-gnu/libnss_nis-2.23.so
7f6eabdff000-7f6eabffe000 ---p 0000b000 08:07 9443580                    /lib/x86_64-linux-gnu/libnss_nis-2.23.so
7f6eabffe000-7f6eabfff000 r--p 0000a000 08:07 9443580                    /lib/x86_64-linux-gnu/libnss_nis-2.23.so
7f6eabfff000-7f6eac000000 rw-p 0000b000 08:07 9443580                    /lib/x86_64-linux-gnu/libnss_nis-2.23.so
7f6eac000000-7f6eac35d000 rw-p 00000000 00:00 0 
7f6eac35d000-7f6eb0000000 ---p 00000000 00:00 0 
7f6eb0004000-7f6eb001f000 r--s 001d6000 08:07 3817848                    /usr/lib/jvm/java-8-openjdk-amd64/jre/lib/ext/nashorn.jar
7f6eb001f000-7f6eb0040000 rw-p 00000000 00:00 0 
7f6eb0040000-7f6eb0041000 ---p 00000000 00:00 0 
7f6eb0041000-7f6eb0141000 rw-p 00000000 00:00 0 
7f6eb0141000-7f6eb0157000 r-xp 00000000 08:07 9441804                    /lib/x86_64-linux-gnu/libnsl-2.23.so
7f6eb0157000-7f6eb0356000 ---p 00016000 08:07 9441804                    /lib/x86_64-linux-gnu/libnsl-2.23.so
7f6eb0356000-7f6eb0357000 r--p 00015000 08:07 9441804                    /lib/x86_64-linux-gnu/libnsl-2.23.so
7f6eb0357000-7f6eb0358000 rw-p 00016000 08:07 9441804                    /lib/x86_64-linux-gnu/libnsl-2.23.so
7f6eb0358000-7f6eb035a000 rw-p 00000000 00:00 0 
7f6eb035a000-7f6eb0362000 r-xp 00000000 08:07 9443571                    /lib/x86_64-linux-gnu/libnss_compat-2.23.so
7f6eb0362000-7f6eb0561000 ---p 00008000 08:07 9443571                    /lib/x86_64-linux-gnu/libnss_compat-2.23.so
7f6eb0561000-7f6eb0562000 r--p 00007000 08:07 9443571                    /lib/x86_64-linux-gnu/libnss_compat-2.23.so
7f6eb0562000-7f6eb0563000 rw-p 00008000 08:07 9443571                    /lib/x86_64-linux-gnu/libnss_compat-2.23.so
7f6eb0563000-7f6eb0590000 r-xp 00000000 08:07 3817867                    /usr/lib/jvm/java-8-openjdk-amd64/jre/lib/amd64/libjava.so
7f6eb0590000-7f6eb078f000 ---p 0002d000 08:07 3817867                    /usr/lib/jvm/java-8-openjdk-amd64/jre/lib/amd64/libjava.so
7f6eb078f000-7f6eb0790000 r--p 0002c000 08:07 3817867                    /usr/lib/jvm/java-8-openjdk-amd64/jre/lib/amd64/libjava.so
7f6eb0790000-7f6eb0792000 rw-p 0002d000 08:07 3817867                    /usr/lib/jvm/java-8-openjdk-amd64/jre/lib/amd64/libjava.so
7f6eb0792000-7f6eb07a1000 r-xp 00000000 08:07 3817853                    /usr/lib/jvm/java-8-openjdk-amd64/jre/lib/amd64/libverify.so
7f6eb07a1000-7f6eb09a0000 ---p 0000f000 08:07 3817853                    /usr/lib/jvm/java-8-openjdk-amd64/jre/lib/amd64/libverify.so
7f6eb09a0000-7f6eb09a2000 r--p 0000e000 08:07 3817853                    /usr/lib/jvm/java-8-openjdk-amd64/jre/lib/amd64/libverify.so
7f6eb09a2000-7f6eb09a3000 rw-p 00010000 08:07 3817853                    /usr/lib/jvm/java-8-openjdk-amd64/jre/lib/amd64/libverify.so
7f6eb09a3000-7f6eb09aa000 r-xp 00000000 08:07 9443581                    /lib/x86_64-linux-gnu/librt-2.23.so
7f6eb09aa000-7f6eb0ba9000 ---p 00007000 08:07 9443581                    /lib/x86_64-linux-gnu/librt-2.23.so
7f6eb0ba9000-7f6eb0baa000 r--p 00006000 08:07 9443581                    /lib/x86_64-linux-gnu/librt-2.23.so
7f6eb0baa000-7f6eb0bab000 rw-p 00007000 08:07 9443581                    /lib/x86_64-linux-gnu/librt-2.23.so
7f6eb0bab000-7f6eb0bc1000 r-xp 00000000 08:07 9441815                    /lib/x86_64-linux-gnu/libgcc_s.so.1
7f6eb0bc1000-7f6eb0dc0000 ---p 00016000 08:07 9441815                    /lib/x86_64-linux-gnu/libgcc_s.so.1
7f6eb0dc0000-7f6eb0dc1000 rw-p 00015000 08:07 9441815                    /lib/x86_64-linux-gnu/libgcc_s.so.1
7f6eb0dc1000-7f6eb0ec9000 r-xp 00000000 08:07 9441789                    /lib/x86_64-linux-gnu/libm-2.23.so
7f6eb0ec9000-7f6eb10c8000 ---p 00108000 08:07 9441789                    /lib/x86_64-linux-gnu/libm-2.23.so
7f6eb10c8000-7f6eb10c9000 r--p 00107000 08:07 9441789                    /lib/x86_64-linux-gnu/libm-2.23.so
7f6eb10c9000-7f6eb10ca000 rw-p 00108000 08:07 9441789                    /lib/x86_64-linux-gnu/libm-2.23.so
7f6eb10ca000-7f6eb123c000 r-xp 00000000 08:07 3276988                    /usr/lib/x86_64-linux-gnu/libstdc++.so.6.0.21
7f6eb123c000-7f6eb143c000 ---p 00172000 08:07 3276988                    /usr/lib/x86_64-linux-gnu/libstdc++.so.6.0.21
7f6eb143c000-7f6eb1446000 r--p 00172000 08:07 3276988                    /usr/lib/x86_64-linux-gnu/libstdc++.so.6.0.21
7f6eb1446000-7f6eb1448000 rw-p 0017c000 08:07 3276988                    /usr/lib/x86_64-linux-gnu/libstdc++.so.6.0.21
7f6eb1448000-7f6eb144c000 rw-p 00000000 00:00 0 
7f6eb144c000-7f6eb20a5000 r-xp 00000000 08:07 3817880                    /usr/lib/jvm/java-8-openjdk-amd64/jre/lib/amd64/server/libjvm.so
7f6eb20a5000-7f6eb22a5000 ---p 00c59000 08:07 3817880                    /usr/lib/jvm/java-8-openjdk-amd64/jre/lib/amd64/server/libjvm.so
7f6eb22a5000-7f6eb2338000 r--p 00c59000 08:07 3817880                    /usr/lib/jvm/java-8-openjdk-amd64/jre/lib/amd64/server/libjvm.so
7f6eb2338000-7f6eb2361000 rw-p 00cec000 08:07 3817880                    /usr/lib/jvm/java-8-openjdk-amd64/jre/lib/amd64/server/libjvm.so
7f6eb2361000-7f6eb2391000 rw-p 00000000 00:00 0 
7f6eb2391000-7f6eb23a9000 r-xp 00000000 08:07 9441943                    /lib/x86_64-linux-gnu/libpthread-2.23.so
7f6eb23a9000-7f6eb25a8000 ---p 00018000 08:07 9441943                    /lib/x86_64-linux-gnu/libpthread-2.23.so
7f6eb25a8000-7f6eb25a9000 r--p 00017000 08:07 9441943                    /lib/x86_64-linux-gnu/libpthread-2.23.so
7f6eb25a9000-7f6eb25aa000 rw-p 00018000 08:07 9441943                    /lib/x86_64-linux-gnu/libpthread-2.23.so
7f6eb25aa000-7f6eb25ae000 rw-p 00000000 00:00 0 
7f6eb25ae000-7f6eb25b1000 r-xp 00000000 08:07 9443565                    /lib/x86_64-linux-gnu/libdl-2.23.so
7f6eb25b1000-7f6eb27b0000 ---p 00003000 08:07 9443565                    /lib/x86_64-linux-gnu/libdl-2.23.so
7f6eb27b0000-7f6eb27b1000 r--p 00002000 08:07 9443565                    /lib/x86_64-linux-gnu/libdl-2.23.so
7f6eb27b1000-7f6eb27b2000 rw-p 00003000 08:07 9443565                    /lib/x86_64-linux-gnu/libdl-2.23.so
7f6eb27b2000-7f6eb27cb000 r-xp 00000000 08:07 9441968                    /lib/x86_64-linux-gnu/libz.so.1.2.8
7f6eb27cb000-7f6eb29ca000 ---p 00019000 08:07 9441968                    /lib/x86_64-linux-gnu/libz.so.1.2.8
7f6eb29ca000-7f6eb29cb000 r--p 00018000 08:07 9441968                    /lib/x86_64-linux-gnu/libz.so.1.2.8
7f6eb29cb000-7f6eb29cc000 rw-p 00019000 08:07 9441968                    /lib/x86_64-linux-gnu/libz.so.1.2.8
7f6eb29cc000-7f6eb2b8c000 r-xp 00000000 08:07 9443562                    /lib/x86_64-linux-gnu/libc-2.23.so
7f6eb2b8c000-7f6eb2d8c000 ---p 001c0000 08:07 9443562                    /lib/x86_64-linux-gnu/libc-2.23.so
7f6eb2d8c000-7f6eb2d90000 r--p 001c0000 08:07 9443562                    /lib/x86_64-linux-gnu/libc-2.23.so
7f6eb2d90000-7f6eb2d92000 rw-p 001c4000 08:07 9443562                    /lib/x86_64-linux-gnu/libc-2.23.so
7f6eb2d92000-7f6eb2d96000 rw-p 00000000 00:00 0 
7f6eb2d96000-7f6eb2da3000 r-xp 00000000 08:07 3817877                    /usr/lib/jvm/java-8-openjdk-amd64/jre/lib/amd64/jli/libjli.so
7f6eb2da3000-7f6eb2fa3000 ---p 0000d000 08:07 3817877                    /usr/lib/jvm/java-8-openjdk-amd64/jre/lib/amd64/jli/libjli.so
7f6eb2fa3000-7f6eb2fa4000 r--p 0000d000 08:07 3817877                    /usr/lib/jvm/java-8-openjdk-amd64/jre/lib/amd64/jli/libjli.so
7f6eb2fa4000-7f6eb2fa5000 rw-p 0000e000 08:07 3817877                    /usr/lib/jvm/java-8-openjdk-amd64/jre/lib/amd64/jli/libjli.so
7f6eb2fa5000-7f6eb2fcb000 r-xp 00000000 08:07 9441833                    /lib/x86_64-linux-gnu/ld-2.23.so
7f6eb2fd4000-7f6eb2fde000 r--s 00116000 08:07 3817850                    /usr/lib/jvm/java-8-openjdk-amd64/jre/lib/ext/localedata.jar
7f6eb2fde000-7f6eb2fdf000 r--s 0000a000 08:07 3817849                    /usr/lib/jvm/java-8-openjdk-amd64/jre/lib/ext/jaccess.jar
7f6eb2fdf000-7f6eb2fe1000 r--s 00008000 08:07 3817841                    /usr/lib/jvm/java-8-openjdk-amd64/jre/lib/ext/sunec.jar
7f6eb2fe1000-7f6eb30ab000 rw-p 00000000 00:00 0 
7f6eb30ab000-7f6eb30ae000 ---p 00000000 00:00 0 
7f6eb30ae000-7f6eb31b0000 rw-p 00000000 00:00 0 
7f6eb31b0000-7f6eb31b2000 r--s 00001000 08:07 3817843                    /usr/lib/jvm/java-8-openjdk-amd64/jre/lib/ext/dnsns.jar
7f6eb31b2000-7f6eb31b5000 r--s 00038000 08:07 3817844                    /usr/lib/jvm/java-8-openjdk-amd64/jre/lib/ext/sunpkcs11.jar
7f6eb31b5000-7f6eb31b6000 r--s 00010000 08:07 3817842                    /usr/lib/jvm/java-8-openjdk-amd64/jre/lib/ext/zipfs.jar
7f6eb31b6000-7f6eb31bc000 r--s 0003b000 08:07 3817846                    /usr/lib/jvm/java-8-openjdk-amd64/jre/lib/ext/sunjce_provider.jar
7f6eb31bc000-7f6eb31bf000 r--s 0000f000 08:07 3817847                    /usr/lib/jvm/java-8-openjdk-amd64/jre/lib/ext/icedtea-sound.jar
7f6eb31bf000-7f6eb31c7000 rw-s 00000000 08:07 2883711                    /tmp/hsperfdata_kundlatsch/5065
7f6eb31c7000-7f6eb31c8000 rw-p 00000000 00:00 0 
7f6eb31c8000-7f6eb31c9000 r--p 00000000 00:00 0 
7f6eb31c9000-7f6eb31ca000 rw-p 00000000 00:00 0 
7f6eb31ca000-7f6eb31cb000 r--p 00025000 08:07 9441833                    /lib/x86_64-linux-gnu/ld-2.23.so
7f6eb31cb000-7f6eb31cc000 rw-p 00026000 08:07 9441833                    /lib/x86_64-linux-gnu/ld-2.23.so
7f6eb31cc000-7f6eb31cd000 rw-p 00000000 00:00 0 
7ffd15d04000-7ffd15d26000 rw-p 00000000 00:00 0                          [stack]
7ffd15db4000-7ffd15db7000 r--p 00000000 00:00 0                          [vvar]
7ffd15db7000-7ffd15db9000 r-xp 00000000 00:00 0                          [vdso]
ffffffffff600000-ffffffffff601000 r-xp 00000000 00:00 0                  [vsyscall]

VM Arguments:
java_command: jason.infra.centralised.RunCentralisedMAS roadAwareness.mas2j
java_class_path (initial): /home/kundlatsch/IATE/anytimeJason/SImulationsAP/roadAwarenessSim:/home/kundlatsch/IATE/anytimeJason/SImulationsAP/roadAwarenessSim/bin/classes:/home/kundlatsch/IATE/anytimeJason/jason.jar
Launcher Type: SUN_STANDARD

Environment Variables:
JAVA_HOME=/usr/lib/jvm/java-8-oracle
PATH=/home/kundlatsch/bin:/home/kundlatsch/.local/bin:/usr/local/sbin:/usr/local/bin:/usr/sbin:/usr/bin:/sbin:/bin:/usr/games:/usr/local/games:/snap/bin:/usr/lib/jvm/java-8-oracle/bin:/usr/lib/jvm/java-8-oracle/db/bin:/usr/lib/jvm/java-8-oracle/jre/bin
SHELL=/bin/bash
DISPLAY=:0

Signal Handlers:
SIGSEGV: [libjvm.so+0xa6e6f0], sa_mask[0]=11111111011111111101111111111110, sa_flags=SA_RESTART|SA_SIGINFO
SIGBUS: [libjvm.so+0xa6e6f0], sa_mask[0]=11111111011111111101111111111110, sa_flags=SA_RESTART|SA_SIGINFO
SIGFPE: [libjvm.so+0x8b5d50], sa_mask[0]=11111111011111111101111111111110, sa_flags=SA_RESTART|SA_SIGINFO
SIGPIPE: [libjvm.so+0x8b5d50], sa_mask[0]=11111111011111111101111111111110, sa_flags=SA_RESTART|SA_SIGINFO
SIGXFSZ: [libjvm.so+0x8b5d50], sa_mask[0]=11111111011111111101111111111110, sa_flags=SA_RESTART|SA_SIGINFO
SIGILL: [libjvm.so+0x8b5d50], sa_mask[0]=11111111011111111101111111111110, sa_flags=SA_RESTART|SA_SIGINFO
SIGUSR1: SIG_DFL, sa_mask[0]=00000000000000000000000000000000, sa_flags=none
SIGUSR2: [libjvm.so+0x8b5c00], sa_mask[0]=00100000000000000000000000000000, sa_flags=SA_RESTART|SA_SIGINFO
SIGHUP: [libjvm.so+0x8b60d0], sa_mask[0]=11111111011111111101111111111110, sa_flags=SA_RESTART|SA_SIGINFO
SIGINT: [libjvm.so+0x8b60d0], sa_mask[0]=11111111011111111101111111111110, sa_flags=SA_RESTART|SA_SIGINFO
SIGTERM: [libjvm.so+0x8b60d0], sa_mask[0]=11111111011111111101111111111110, sa_flags=SA_RESTART|SA_SIGINFO
SIGQUIT: [libjvm.so+0x8b60d0], sa_mask[0]=11111111011111111101111111111110, sa_flags=SA_RESTART|SA_SIGINFO


---------------  S Y S T E M  ---------------

OS:DISTRIB_ID=Ubuntu
DISTRIB_RELEASE=16.04
DISTRIB_CODENAME=xenial
DISTRIB_DESCRIPTION="Ubuntu 16.04.3 LTS"

uname:Linux 4.13.0-41-generic #46~16.04.1-Ubuntu SMP Thu May 3 10:06:43 UTC 2018 x86_64
libc:glibc 2.23 NPTL 2.23 
rlimit: STACK 8192k, CORE 0k, NPROC 30510, NOFILE 1048576, AS infinity
load average:1,61 0,90 1,21

/proc/meminfo:
MemTotal:        7863364 kB
MemFree:         5294068 kB
MemAvailable:    6573120 kB
Buffers:          126148 kB
Cached:          1488844 kB
SwapCached:            0 kB
Active:          1396284 kB
Inactive:         968256 kB
Active(anon):     750996 kB
Inactive(anon):   150872 kB
Active(file):     645288 kB
Inactive(file):   817384 kB
Unevictable:          32 kB
Mlocked:              32 kB
SwapTotal:        487420 kB
SwapFree:         487420 kB
Dirty:                32 kB
Writeback:            84 kB
AnonPages:        735424 kB
Mapped:           100672 kB
Shmem:            152656 kB
Slab:             123080 kB
SReclaimable:      83752 kB
SUnreclaim:        39328 kB
KernelStack:        4876 kB
PageTables:         9980 kB
NFS_Unstable:          0 kB
Bounce:                0 kB
WritebackTmp:          0 kB
CommitLimit:     4419100 kB
Committed_AS:    3336088 kB
VmallocTotal:   34359738367 kB
VmallocUsed:           0 kB
VmallocChunk:          0 kB
HardwareCorrupted:     0 kB
AnonHugePages:         0 kB
ShmemHugePages:        0 kB
ShmemPmdMapped:        0 kB
CmaTotal:              0 kB
CmaFree:               0 kB
HugePages_Total:       0
HugePages_Free:        0
HugePages_Rsvd:        0
HugePages_Surp:        0
Hugepagesize:       2048 kB
DirectMap4k:      145140 kB
DirectMap2M:     5838848 kB
DirectMap1G:     3145728 kB


CPU:total 4 (initial active 4) (2 cores per cpu, 2 threads per core) family 6 model 78 stepping 3, cmov, cx8, fxsr, mmx, sse, sse2, sse3, ssse3, sse4.1, sse4.2, popcnt, avx, avx2, aes, clmul, erms, 3dnowpref, lzcnt, ht, tsc, tscinvbit, bmi1, bmi2, adx

/proc/cpuinfo:
processor	: 0
vendor_id	: GenuineIntel
cpu family	: 6
model		: 78
model name	: Intel(R) Core(TM) i7-6500U CPU @ 2.50GHz
stepping	: 3
microcode	: 0x9e
cpu MHz		: 2799.822
cache size	: 4096 KB
physical id	: 0
siblings	: 4
core id		: 0
cpu cores	: 2
apicid		: 0
initial apicid	: 0
fpu		: yes
fpu_exception	: yes
cpuid level	: 22
wp		: yes
flags		: fpu vme de pse tsc msr pae mce cx8 apic sep mtrr pge mca cmov pat pse36 clflush dts acpi mmx fxsr sse sse2 ss ht tm pbe syscall nx pdpe1gb rdtscp lm constant_tsc art arch_perfmon pebs bts rep_good nopl xtopology nonstop_tsc cpuid aperfmperf tsc_known_freq pni pclmulqdq dtes64 monitor ds_cpl vmx est tm2 ssse3 sdbg fma cx16 xtpr pdcm pcid sse4_1 sse4_2 x2apic movbe popcnt aes xsave avx f16c rdrand lahf_lm abm 3dnowprefetch cpuid_fault epb invpcid_single pti retpoline intel_pt rsb_ctxsw tpr_shadow vnmi flexpriority ept vpid fsgsbase tsc_adjust bmi1 avx2 smep bmi2 erms invpcid mpx rdseed adx smap clflushopt xsaveopt xsavec xgetbv1 xsaves dtherm ida arat pln pts hwp hwp_notify hwp_act_window hwp_epp
bugs		: cpu_meltdown spectre_v1 spectre_v2
bogomips	: 5184.00
clflush size	: 64
cache_alignment	: 64
address sizes	: 39 bits physical, 48 bits virtual
power management:

processor	: 1
vendor_id	: GenuineIntel
cpu family	: 6
model		: 78
model name	: Intel(R) Core(TM) i7-6500U CPU @ 2.50GHz
stepping	: 3
microcode	: 0x9e
cpu MHz		: 2797.404
cache size	: 4096 KB
physical id	: 0
siblings	: 4
core id		: 1
cpu cores	: 2
apicid		: 2
initial apicid	: 2
fpu		: yes
fpu_exception	: yes
cpuid level	: 22
wp		: yes
flags		: fpu vme de pse tsc msr pae mce cx8 apic sep mtrr pge mca cmov pat pse36 clflush dts acpi mmx fxsr sse sse2 ss ht tm pbe syscall nx pdpe1gb rdtscp lm constant_tsc art arch_perfmon pebs bts rep_good nopl xtopology nonstop_tsc cpuid aperfmperf tsc_known_freq pni pclmulqdq dtes64 monitor ds_cpl vmx est tm2 ssse3 sdbg fma cx16 xtpr pdcm pcid sse4_1 sse4_2 x2apic movbe popcnt aes xsave avx f16c rdrand lahf_lm abm 3dnowprefetch cpuid_fault epb invpcid_single pti retpoline intel_pt rsb_ctxsw tpr_shadow vnmi flexpriority ept vpid fsgsbase tsc_adjust bmi1 avx2 smep bmi2 erms invpcid mpx rdseed adx smap clflushopt xsaveopt xsavec xgetbv1 xsaves dtherm ida arat pln pts hwp hwp_notify hwp_act_window hwp_epp
bugs		: cpu_meltdown spectre_v1 spectre_v2
bogomips	: 5184.00
clflush size	: 64
cache_alignment	: 64
address sizes	: 39 bits physical, 48 bits virtual
power management:

processor	: 2
vendor_id	: GenuineIntel
cpu family	: 6
model		: 78
model name	: Intel(R) Core(TM) i7-6500U CPU @ 2.50GHz
stepping	: 3
microcode	: 0x9e
cpu MHz		: 2795.653
cache size	: 4096 KB
physical id	: 0
siblings	: 4
core id		: 0
cpu cores	: 2
apicid		: 1
initial apicid	: 1
fpu		: yes
fpu_exception	: yes
cpuid level	: 22
wp		: yes
flags		: fpu vme de pse tsc msr pae mce cx8 apic sep mtrr pge mca cmov pat pse36 clflush dts acpi mmx fxsr sse sse2 ss ht tm pbe syscall nx pdpe1gb rdtscp lm constant_tsc art arch_perfmon pebs bts rep_good nopl xtopology nonstop_tsc cpuid aperfmperf tsc_known_freq pni pclmulqdq dtes64 monitor ds_cpl vmx est tm2 ssse3 sdbg fma cx16 xtpr pdcm pcid sse4_1 sse4_2 x2apic movbe popcnt aes xsave avx f16c rdrand lahf_lm abm 3dnowprefetch cpuid_fault epb invpcid_single pti retpoline intel_pt rsb_ctxsw tpr_shadow vnmi flexpriority ept vpid fsgsbase tsc_adjust bmi1 avx2 smep bmi2 erms invpcid mpx rdseed adx smap clflushopt xsaveopt xsavec xgetbv1 xsaves dtherm ida arat pln pts hwp hwp_notify hwp_act_window hwp_epp
bugs		: cpu_meltdown spectre_v1 spectre_v2
bogomips	: 5184.00
clflush size	: 64
cache_alignment	: 64
address sizes	: 39 bits physical, 48 bits virtual
power management:

processor	: 3
vendor_id	: GenuineIntel
cpu family	: 6
model		: 78
model name	: Intel(R) Core(TM) i7-6500U CPU @ 2.50GHz
stepping	: 3
microcode	: 0x9e
cpu MHz		: 2796.250
cache size	: 4096 KB
physical id	: 0
siblings	: 4
core id		: 1
cpu cores	: 2
apicid		: 3
initial apicid	: 3
fpu		: yes
fpu_exception	: yes
cpuid level	: 22
wp		: yes
flags		: fpu vme de pse tsc msr pae mce cx8 apic sep mtrr pge mca cmov pat pse36 clflush dts acpi mmx fxsr sse sse2 ss ht tm pbe syscall nx pdpe1gb rdtscp lm constant_tsc art arch_perfmon pebs bts rep_good nopl xtopology nonstop_tsc cpuid aperfmperf tsc_known_freq pni pclmulqdq dtes64 monitor ds_cpl vmx est tm2 ssse3 sdbg fma cx16 xtpr pdcm pcid sse4_1 sse4_2 x2apic movbe popcnt aes xsave avx f16c rdrand lahf_lm abm 3dnowprefetch cpuid_fault epb invpcid_single pti retpoline intel_pt rsb_ctxsw tpr_shadow vnmi flexpriority ept vpid fsgsbase tsc_adjust bmi1 avx2 smep bmi2 erms invpcid mpx rdseed adx smap clflushopt xsaveopt xsavec xgetbv1 xsaves dtherm ida arat pln pts hwp hwp_notify hwp_act_window hwp_epp
bugs		: cpu_meltdown spectre_v1 spectre_v2
bogomips	: 5184.00
clflush size	: 64
cache_alignment	: 64
address sizes	: 39 bits physical, 48 bits virtual
power management:



Memory: 4k page, physical 7863364k(5585152k free), swap 487420k(487420k free)

vm_info: OpenJDK 64-Bit Server VM (25.171-b11) for linux-amd64 JRE (1.8.0_171-8u171-b11-0ubuntu0.16.04.1-b11), built on Apr 27 2018 17:19:03 by "buildd" with gcc 5.4.0 20160609

time: Fri May 18 15:11:20 2018
elapsed time: 9012 seconds (0d 2h 30m 12s)

